#
# There is insufficient memory for the Java Runtime Environment to continue.
# Native memory allocation (mmap) failed to map 132120576 bytes for Failed to commit area from 0x0000000082400000 to 0x000000008a200000 of length 132120576.
# Possible reasons:
#   The system is out of physical RAM or swap space
#   The process is running with CompressedOops enabled, and the Java Heap may be blocking the growth of the native heap
# Possible solutions:
#   Reduce memory load on the system
#   Increase physical memory or swap space
#   Check if swap backing store is full
#   Decrease Java heap size (-Xmx/-Xms)
#   Decrease number of Java threads
#   Decrease Java thread stack sizes (-Xss)
#   Set larger code cache with -XX:ReservedCodeCacheSize=
# This output file may be truncated or incomplete.
#
#  Out of Memory Error (./open/src/hotspot/os/windows/os_windows.cpp:3273), pid=21768, tid=22616
#
# JRE version:  (11.0.11+9) (build )
# Java VM: Java HotSpot(TM) 64-Bit Server VM (11.0.11+9-LTS-194, mixed mode, sharing, tiered, compressed oops, g1 gc, windows-amd64)
# No core dump will be written. Minidumps are not enabled by default on client versions of Windows
#

---------------  S U M M A R Y ------------

Command Line: -Dfile.encoding=Cp1252 CheckHotels

Host: Intel(R) Core(TM) i5-8300H CPU @ 2.30GHz, 8 cores, 7G,  Windows 10 , 64 bit Build 22621 (10.0.22621.1485)
Time: Tue Apr 25 18:06:56 2023 India Standard Time elapsed time: 0.015980 seconds (0d 0h 0m 0s)

---------------  T H R E A D  ---------------

Current thread (0x0000020c7c1d7000):  JavaThread "Unknown thread" [_thread_in_vm, id=22616, stack(0x0000007c0eb00000,0x0000007c0ec00000)]

Stack: [0x0000007c0eb00000,0x0000007c0ec00000]
Native frames: (J=compiled Java code, j=interpreted, Vv=VM code, C=native code)
V  [jvm.dll+0x616f2a]
V  [jvm.dll+0x74de7f]
V  [jvm.dll+0x74f505]
V  [jvm.dll+0x74fb83]
V  [jvm.dll+0x2436d8]
V  [jvm.dll+0x61431a]
V  [jvm.dll+0x6090f5]
V  [jvm.dll+0x2f7eec]
V  [jvm.dll+0x2f7d72]
V  [jvm.dll+0x2fca26]
V  [jvm.dll+0x33efef]
V  [jvm.dll+0x33ea20]
V  [jvm.dll+0x2d5608]
V  [jvm.dll+0x2d6766]
V  [jvm.dll+0x7299e7]
V  [jvm.dll+0x72b28f]
V  [jvm.dll+0x34bd39]
V  [jvm.dll+0x70f360]
V  [jvm.dll+0x3b50df]
V  [jvm.dll+0x3b71e1]
C  [jli.dll+0x520b]
C  [ucrtbase.dll+0x29363]
C  [KERNEL32.DLL+0x1269d]
C  [ntdll.dll+0x5a9f8]


---------------  P R O C E S S  ---------------

Threads class SMR info:
_java_thread_list=0x0000020c7a079ec0, length=0, elements={
}

Java Threads: ( => current thread )

Other Threads:
  0x0000020c7c1ed000 GCTaskThread "GC Thread#0" [stack: 0x0000007c0ec00000,0x0000007c0ed00000] [id=9640]
  0x0000020c7c21d000 ConcurrentGCThread "G1 Main Marker" [stack: 0x0000007c0ed00000,0x0000007c0ee00000] [id=22180]
  0x0000020c7c21f000 ConcurrentGCThread "G1 Conc#0" [stack: 0x0000007c0ee00000,0x0000007c0ef00000] [id=26416]

[error occurred during error reporting (printing all threads), id 0xc0000005, EXCEPTION_ACCESS_VIOLATION (0xc0000005) at pc=0x00007ff984d84857]

VM state:not at safepoint (not fully initialized)

VM Mutex/Monitor currently owned by a thread:  ([mutex/lock_event])
[0x0000020c7c1d3390] Heap_lock - owner thread: 0x0000020c7c1d7000

Heap address: 0x0000000082400000, size: 2012 MB, Compressed Oops mode: Non-zero based: 0x0000000082400000
Narrow klass base: 0x0000000000000000, Narrow klass shift: 0

GC Heap History (0 events):
No events

Deoptimization events (0 events):
No events

Classes redefined (0 events):
No events

Internal exceptions (0 events):
No events

Events (0 events):
No events


Dynamic libraries:
0x00007ff7fe7d0000 - 0x00007ff7fe7df000 	C:\Program Files\Java\jdk-11.0.11\bin\javaw.exe
0x00007ffa10850000 - 0x00007ffa10a64000 	C:\WINDOWS\SYSTEM32\ntdll.dll
0x00007ffa0f9c0000 - 0x00007ffa0fa82000 	C:\WINDOWS\System32\KERNEL32.DLL
0x00007ffa0e0b0000 - 0x00007ffa0e44c000 	C:\WINDOWS\System32\KERNELBASE.dll
0x00007ffa0df10000 - 0x00007ffa0e021000 	C:\WINDOWS\System32\ucrtbase.dll
0x00007ffa07dc0000 - 0x00007ffa07dd8000 	C:\Program Files\Java\jdk-11.0.11\bin\jli.dll
0x00007ffa043a0000 - 0x00007ffa043b5000 	C:\Program Files\Java\jdk-11.0.11\bin\VCRUNTIME140.dll
0x00007ffa0f360000 - 0x00007ffa0f40e000 	C:\WINDOWS\System32\ADVAPI32.dll
0x00007ffa0e830000 - 0x00007ffa0e8d7000 	C:\WINDOWS\System32\msvcrt.dll
0x00007ffa0f2b0000 - 0x00007ffa0f354000 	C:\WINDOWS\System32\sechost.dll
0x00007ffa10200000 - 0x00007ffa10317000 	C:\WINDOWS\System32\RPCRT4.dll
0x00007ff9fd230000 - 0x00007ff9fd4be000 	C:\WINDOWS\WinSxS\amd64_microsoft.windows.common-controls_6595b64144ccf1df_6.0.22621.608_none_a9444ca7c10bb01d\COMCTL32.dll
0x00007ffa0f470000 - 0x00007ffa0f61b000 	C:\WINDOWS\System32\USER32.dll
0x00007ffa0fa90000 - 0x00007ffa0fab9000 	C:\WINDOWS\System32\GDI32.dll
0x00007ffa0e5c0000 - 0x00007ffa0e5e6000 	C:\WINDOWS\System32\win32u.dll
0x00007ffa0dc90000 - 0x00007ffa0dda3000 	C:\WINDOWS\System32\gdi32full.dll
0x00007ffa05e10000 - 0x00007ffa05e1a000 	C:\WINDOWS\SYSTEM32\VERSION.dll
0x00007ffa0de70000 - 0x00007ffa0df0a000 	C:\WINDOWS\System32\msvcp_win.dll
0x00007ffa0e660000 - 0x00007ffa0e691000 	C:\WINDOWS\System32\IMM32.DLL
0x00007ff9edd00000 - 0x00007ff9edd9b000 	C:\Program Files\Java\jdk-11.0.11\bin\msvcp140.dll
0x00007ff984aa0000 - 0x00007ff98559e000 	C:\Program Files\Java\jdk-11.0.11\bin\server\jvm.dll
0x00007ffa0e920000 - 0x00007ffa0e928000 	C:\WINDOWS\System32\PSAPI.DLL
0x00007ffa05bd0000 - 0x00007ffa05bd9000 	C:\WINDOWS\SYSTEM32\WSOCK32.dll
0x00007ffa06c70000 - 0x00007ffa06ca4000 	C:\WINDOWS\SYSTEM32\WINMM.dll
0x00007ffa10780000 - 0x00007ffa107f1000 	C:\WINDOWS\System32\WS2_32.dll
0x00007ffa0cd20000 - 0x00007ffa0cd38000 	C:\WINDOWS\SYSTEM32\kernel.appcore.dll
0x00007ffa0ac60000 - 0x00007ffa0ac70000 	C:\Program Files\Java\jdk-11.0.11\bin\verify.dll
0x00007ffa0b020000 - 0x00007ffa0b24e000 	C:\WINDOWS\SYSTEM32\DBGHELP.DLL
0x00007ffa0f630000 - 0x00007ffa0f9b9000 	C:\WINDOWS\System32\combase.dll
0x00007ffa0e990000 - 0x00007ffa0ea67000 	C:\WINDOWS\System32\OLEAUT32.dll
0x00007ffa05200000 - 0x00007ffa05232000 	C:\WINDOWS\SYSTEM32\dbgcore.DLL
0x00007ffa0e030000 - 0x00007ffa0e0ab000 	C:\WINDOWS\System32\bcryptPrimitives.dll
0x00007ff9f1700000 - 0x00007ff9f1728000 	C:\Program Files\Java\jdk-11.0.11\bin\java.dll
0x00007ffa07db0000 - 0x00007ffa07dba000 	C:\Program Files\Java\jdk-11.0.11\bin\jimage.dll
0x00007ff9fdf10000 - 0x00007ff9fdf26000 	C:\Program Files\Java\jdk-11.0.11\bin\zip.dll

dbghelp: loaded successfully - version: 4.0.5 - missing functions: none
symbol engine: initialized successfully - sym options: 0x614 - pdb path: .;C:\Program Files\Java\jdk-11.0.11\bin;C:\WINDOWS\SYSTEM32;C:\WINDOWS\WinSxS\amd64_microsoft.windows.common-controls_6595b64144ccf1df_6.0.22621.608_none_a9444ca7c10bb01d;C:\Program Files\Java\jdk-11.0.11\bin\server

VM Arguments:
jvm_args: -Dfile.encoding=Cp1252 
java_command: CheckHotels
java_class_path (initial): D:\learning\java\vacSpotFinder\bin;D:\pes\sem6\OOAD\mini project\mysql-connector-j-8.0.32.jar
Launcher Type: SUN_STANDARD

[Global flags]
     intx CICompilerCount                          = 4                                         {product} {ergonomic}
     uint ConcGCThreads                            = 2                                         {product} {ergonomic}
     uint G1ConcRefinementThreads                  = 8                                         {product} {ergonomic}
   size_t G1HeapRegionSize                         = 1048576                                   {product} {ergonomic}
    uintx GCDrainStackTargetSize                   = 64                                        {product} {ergonomic}
   size_t InitialHeapSize                          = 132120576                                 {product} {ergonomic}
   size_t MarkStackSize                            = 4194304                                   {product} {ergonomic}
   size_t MaxHeapSize                              = 2109734912                                {product} {ergonomic}
   size_t MinHeapDeltaBytes                        = 1048576                                   {product} {ergonomic}
    uintx NonNMethodCodeHeapSize                   = 5836300                                {pd product} {ergonomic}
    uintx NonProfiledCodeHeapSize                  = 122910970                              {pd product} {ergonomic}
    uintx ProfiledCodeHeapSize                     = 122910970                              {pd product} {ergonomic}
    uintx ReservedCodeCacheSize                    = 251658240                              {pd product} {ergonomic}
     bool SegmentedCodeCache                       = true                                      {product} {ergonomic}
     bool UseCompressedClassPointers               = true                                 {lp64_product} {ergonomic}
     bool UseCompressedOops                        = true                                 {lp64_product} {ergonomic}
     bool UseG1GC                                  = true                                      {product} {ergonomic}
     bool UseLargePagesIndividualAllocation        = false                                  {pd product} {ergonomic}

Logging:
Log output configuration:
 #0: stdout all=warning uptime,level,tags
 #1: stderr all=off uptime,level,tags

Environment Variables:
PATH=C:/Program Files/Eclipse Adoptium/jdk-17.0.5.8-hotspot/bin/server;C:/Program Files/Eclipse Adoptium/jdk-17.0.5.8-hotspot/bin;C:\Python311\Scripts\;C:\Python311\;C:\Program Files\Eclipse Adoptium\jdk-17.0.5.8-hotspot\bin;C:\Program Files (x86)\VMware\VMware Player\bin\;C:\Program Files\Common Files\Oracle\Java\javapath;C:\Program Files (x86)\Common Files\Oracle\Java\javapath;C:\Program Files (x86)\Intel\Intel(R) Management Engine Components\iCLS\;C:\Program Files\Intel\Intel(R) Management Engine Components\iCLS\;C:\Windows\system32;C:\Windows;C:\Windows\System32\Wbem;C:\Windows\System32\WindowsPowerShell\v1.0\;C:\Windows\System32\OpenSSH\;C:\Program Files (x86)\NVIDIA Corporation\PhysX\Common;C:\Program Files\NVIDIA Corporation\NVIDIA NvDLISR;C:\Program Files (x86)\Intel\Intel(R) Management Engine Components\DAL;C:\Program Files\Intel\Intel(R) Management Engine Components\DAL;C:\Program Files (x86)\Intel\Intel(R) Management Engine Components\IPT;C:\Program Files\Intel\Intel(R) Management Engine Components\IPT;C:\Program Files\Intel\WiFi\bin\;C:\Program Files\Common Files\Intel\WirelessCommon\;C:\MinGW\bin;C:\Program Files\Java\jdk-11.0.11\bin;C:\Program Files\Git\cmd;C:\WINDOWS\system32;C:\WINDOWS;C:\WINDOWS\System32\Wbem;C:\WINDOWS\System32\WindowsPowerShell\v1.0\;C:\WINDOWS\System32\OpenSSH\;C:\Program Files\MATLAB\R2021a\runtime\win64;C:\Program Files\MATLAB\R2021a\bin;C:\Program Files (x86)\Icarus Verilog\bin;C:\ProgramData\chocolatey\bin;C:\Program Files\MongoDB\Server\5.0\bin;C:\Program Files\heroku\bin;D:\learning\python internshala\sqlite-tools-win32-x86-3380200;C:\Users\Asus\AppData\Local\Programs\Python\Python310;C:\Users\Asus\AppData\Local\Programs\Python\Python310\Scripts;C:\Users\Asus\AppData\Local\Programs\Python\Python310\Lib\site-packages;C:\Users\Asus\AppData\Local\Programs\Python\Python310\Lib\site-packages\nmap\nmap.py;C:\Program Files\MySQL\MySQL Server 8.0\bin;C:\Program Files\nodejs\;C:\Program Files\Docker\Docker\resources\bin;C:\Program File
USERNAME=Manvanth
OS=Windows_NT
PROCESSOR_IDENTIFIER=Intel64 Family 6 Model 158 Stepping 10, GenuineIntel



---------------  S Y S T E M  ---------------

OS: Windows 10 , 64 bit Build 22621 (10.0.22621.1485)
Hyper-V role detected

CPU:total 8 (initial active 8) (4 cores per cpu, 2 threads per core) family 6 model 158 stepping 10 microcode 0xde, cmov, cx8, fxsr, mmx, sse, sse2, sse3, ssse3, sse4.1, sse4.2, popcnt, avx, avx2, aes, clmul, erms, 3dnowpref, lzcnt, ht, tsc, tscinvbit, bmi1, bmi2, adx, fma

Memory: 4k page, system-wide physical 8043M (556M free)
TotalPageFile size 32619M (AvailPageFile size 95M)
current process WorkingSet (physical memory assigned to process): 10M, peak: 10M
current process commit charge ("private bytes"): 60M, peak: 186M

vm_info: Java HotSpot(TM) 64-Bit Server VM (11.0.11+9-LTS-194) for windows-amd64 JRE (11.0.11+9-LTS-194), built on Mar 18 2021 18:46:53 by "mach5one" with MS VC++ 15.9 (VS2017)

END.
